build/app/outputs/mapping/release/mapping.txt
# compiler: R8
# compiler_version: 2.1.62
# min_api: 20
# pg_map_id: 375a4ac
# common_typos_disable
...
androidx.lifecycle.LiveData$ObserverWrapper -> androidx.lifecycle.LiveData$a:
    androidx.lifecycle.Observer mObserver -> a
    androidx.lifecycle.LiveData this$0 -> d
    boolean mActive -> b
    int mLastVersion -> c
    void activeStateChanged(boolean) -> a
    void detachObserver() -> b
    boolean isAttachedTo(androidx.lifecycle.LifecycleOwner) -> c
    boolean shouldBeActive() -> g
androidx.lifecycle.MethodCallsLogger -> androidx.lifecycle.k:
androidx.lifecycle.MutableLiveData -> androidx.lifecycle.l:
    void setValue(java.lang.Object) -> h
androidx.lifecycle.Observer -> androidx.lifecycle.m:
    void onChanged(java.lang.Object) -> a
androidx.lifecycle.OnLifecycleEvent -> androidx.lifecycle.n:
androidx.lifecycle.ReflectiveGenericLifecycleObserver -> androidx.lifecycle.ReflectiveGenericLifecycleObserver:
    androidx.lifecycle.ClassesInfoCache$CallbackInfo mInfo -> b
    java.lang.Object mWrapped -> a
    void onStateChanged(androidx.lifecycle.LifecycleOwner,androidx.lifecycle.Lifecycle$Event) -> K
androidx.lifecycle.ReportFragment -> androidx.lifecycle.o:
    androidx.lifecycle.ReportFragment$ActivityInitializationListener mProcessListener -> a
    void dispatch(android.app.Activity,androidx.lifecycle.Lifecycle$Event) -> a
    void dispatch(androidx.lifecycle.Lifecycle$Event) -> b
    void dispatchCreate(androidx.lifecycle.ReportFragment$ActivityInitializationListener) -> c
    void dispatchResume(androidx.lifecycle.ReportFragment$ActivityInitializationListener) -> d
    void dispatchStart(androidx.lifecycle.ReportFragment$ActivityInitializationListener) -> e
    void injectIfNeededIn(android.app.Activity) -> f
androidx.lifecycle.ReportFragment$ActivityInitializationListener -> androidx.lifecycle.o$a:
    void onResume() -> k
    void onStart() -> l
    void onCreate() -> m
androidx.lifecycle.ReportFragment$LifecycleCallbacks -> androidx.lifecycle.o$b:
androidx.lifecycle.SingleGeneratedAdapterObserver -> androidx.lifecycle.SingleGeneratedAdapterObserver:
    androidx.lifecycle.GeneratedAdapter mGeneratedAdapter -> a
    void onStateChanged(androidx.lifecycle.LifecycleOwner,androidx.lifecycle.Lifecycle$Event) -> K
androidx.lifecycle.ViewModel -> androidx.lifecycle.p:
    java.util.Map mBagOfTags -> a
    void clear() -> a
    void closeWithRuntimeException(java.lang.Object) -> b
    void onCleared() -> c
androidx.lifecycle.ViewModelProvider -> androidx.lifecycle.q:
    androidx.lifecycle.ViewModelStore mViewModelStore -> b
    androidx.lifecycle.ViewModelProvider$Factory mFactory -> a
    androidx.lifecycle.ViewModel get(java.lang.Class) -> a
    androidx.lifecycle.ViewModel get(java.lang.String,java.lang.Class) -> b
androidx.lifecycle.ViewModelProvider$Factory -> androidx.lifecycle.q$a:
    androidx.lifecycle.ViewModel create(java.lang.Class) -> a
androidx.lifecycle.ViewModelProvider$KeyedFactory -> androidx.lifecycle.q$b:
    androidx.lifecycle.ViewModel create(java.lang.Class) -> a
    androidx.lifecycle.ViewModel create(java.lang.String,java.lang.Class) -> b
androidx.lifecycle.ViewModelStore -> androidx.lifecycle.r:
    java.util.HashMap mMap -> a
    void clear() -> a
    androidx.lifecycle.ViewModel get(java.lang.String) -> b
    void put(java.lang.String,androidx.lifecycle.ViewModel) -> c
androidx.lifecycle.ViewModelStoreOwner -> androidx.lifecycle.s:
    androidx.lifecycle.ViewModelStore getViewModelStore() -> b
androidx.loader.app.LoaderManager -> a.d.a.a:
    void dump(java.lang.String,java.io.FileDescriptor,java.io.PrintWriter,java.lang.String[]) -> a
    androidx.loader.app.LoaderManager getInstance(androidx.lifecycle.LifecycleOwner) -> b
    void markForRedelivery() -> c