build/app/outputs/mapping/release/usage.txt
marcmaged.smart_city.R
marcmaged.smart_city.R$color
marcmaged.smart_city.R$layout
marcmaged.smart_city.BuildConfig
marcmaged.smart_city.R$id
marcmaged.smart_city.R$attr
marcmaged.smart_city.R$style
marcmaged.smart_city.R$mipmap
marcmaged.smart_city.R$string
marcmaged.smart_city.R$integer
marcmaged.smart_city.R$drawable
marcmaged.smart_city.R$dimen
marcmaged.smart_city.R$styleable
...
com.google.common.io.Closer$Suppressor
kotlin.sequences.SequencesKt___SequencesKt$zip$1
androidx.annotation.InspectableProperty$ValueType
androidx.tracing.TraceApi18Impl:
    private void <init>()
com.google.android.gms.common.server.response.SafeParcelResponse
com.google.common.math.LinearTransformation
kotlin.coroutines.intrinsics.IntrinsicsKt__IntrinsicsJvmKt$createCoroutineUnintercepted$$inlined$createCoroutineFromSuspendFunction$IntrinsicsKt__IntrinsicsJvmKt$3
com.google.common.collect.StandardTable$1
com.google.common.collect.Maps$KeySet
com.google.android.gms.common.internal.service.zaa
kotlin.coroutines.experimental.CoroutineContext$Element$DefaultImpls
io.github.ponnamkarthik.toast.fluttertoast.R$drawable:
    private void <init>()
    public static final int notification_action_background
    public static final int notification_bg
    public static final int notification_bg_low
    public static final int notification_bg_low_normal
    public static final int notification_bg_low_pressed
    public static final int notification_bg_normal
    public static final int notification_bg_normal_pressed
    public static final int notification_icon_background
    public static final int notification_template_icon_bg
    public static final int notification_template_icon_low_bg
    public static final int notification_tile_bg
    public static final int notify_panel_notification_icon_bg
    public static final int toast_bg
com.google.android.gms.common.api.internal.BaseImplementation$ApiMethodImpl
kotlin.random.Random$Companion
kotlin.properties.ReadOnlyProperty
com.google.common.collect.ImmutableList$SerializedForm
com.google.common.util.concurrent.Service$State$4
io.flutter.plugins.pathprovider.R$dimen
com.google.android.gms.actions.SearchIntents
com.google.common.collect.Multiset$Entry
kotlin.jvm.internal.ClassBasedDeclarationContainer
com.google.android.gms.internal.base.zal
androidx.core.view.WindowInsetsControllerCompat$Impl30$1
com.google.common.net.MediaType$Tokenizer
androidx.core.app.NotificationManagerCompat$NotifyTask
com.google.common.util.concurrent.Striped$LargeLazyStriped
kotlin.jvm.internal.Ref$BooleanRef
com.google.android.gms.common.api.internal.OptionalPendingResultImpl
com.google.android.gms.common.api.internal.zat
com.google.common.util.concurrent.CombinedFuture$CombinedFutureInterruptibleTask
io.flutter.embedding.android.FlutterSplashView:
    public void <init>(android.content.Context,android.util.AttributeSet)
com.google.common.math.LongMath$1
com.google.android.gms.common.internal.safeparcel.SafeParcelable$Reserved
com.google.common.xml.package-info
kotlin.sequences.SequencesKt__SequencesKt$flatten$1
androidx.core.view.NestedScrollingParent
androidx.fragment.app.ListFragment
com.tekartik.sqflite.R
kotlin.io.FileAlreadyExistsException
com.google.common.collect.DenseImmutableTable$Column
com.google.common.graph.ConfigurableMutableValueGraph
kotlin.io.NoSuchFileException
org.checkerframework.checker.nullness.compatqual.NonNullType
io.flutter.embedding.engine.plugins.lifecycle.FlutterLifecycleAdapter:
    public void <init>()
    private static final java.lang.String TAG
androidx.viewpager.R$dimen
com.google.common.util.concurrent.Callables$3
io.flutter.app.FlutterApplication
com.google.common.collect.ArrayTable$ColumnMap
androidx.core.content.ContextCompat$Api19Impl
com.google.common.reflect.TypeResolver$WildcardCapturer
com.google.android.gms.maps.internal.IMapViewDelegate:
    public abstract com.google.android.gms.maps.internal.IGoogleMapDelegate getMap()
    public abstract void onPause()
    public abstract void onLowMemory()
    public abstract void onEnterAmbient(android.os.Bundle)
    public abstract void onExitAmbient()
org.intellij.lang.annotations.JdkConstants$TitledBorderJustification
androidx.loader.content.ModernAsyncTask
com.google.common.base.Predicates$CompositionPredicate
com.google.common.collect.SortedMultisetBridge
com.google.android.gms.tasks.zzq:
    public abstract void cancel()